Unity Editor version:    2022.1.17f1 (2d349551e475)
Branch:                  2022.1/staging
Build type:              Release
Batch mode:              YES
macOS version:           Version 10.15.7 (Build 19H2026)
Darwin version:          19.6.0
Architecture:            x86_64
Running under Rosetta:   NO
Available memory:        12288 MB
Using pre-set license
Pro License: YES

COMMAND LINE ARGUMENTS:
/Applications/Unity/Hub/Editor/2022.1.17f1/Unity.app/Contents/MacOS/Unity
-adb2
-batchMode
-noUpm
-name
AssetImportWorker0
-projectPath
/Users/admin/Documents/Матвей/SpectralDescent
-logFile
Logs/AssetImportWorker0.log
-srvPort
50967
Successfully changed project path to: /Users/admin/Documents/Матвей/SpectralDescent
/Users/admin/Documents/Матвей/SpectralDescent
[UnityMemory] Configuration Parameters - Can be set up in boot.config
    "memorysetup-bucket-allocator-granularity=16"
    "memorysetup-bucket-allocator-bucket-count=8"
    "memorysetup-bucket-allocator-block-size=33554432"
    "memorysetup-bucket-allocator-block-count=8"
    "memorysetup-main-allocator-block-size=16777216"
    "memorysetup-thread-allocator-block-size=16777216"
    "memorysetup-gfx-main-allocator-block-size=16777216"
    "memorysetup-gfx-thread-allocator-block-size=16777216"
    "memorysetup-cache-allocator-block-size=4194304"
    "memorysetup-typetree-allocator-block-size=2097152"
    "memorysetup-profiler-bucket-allocator-granularity=16"
    "memorysetup-profiler-bucket-allocator-bucket-count=8"
    "memorysetup-profiler-bucket-allocator-block-size=33554432"
    "memorysetup-profiler-bucket-allocator-block-count=8"
    "memorysetup-profiler-allocator-block-size=16777216"
    "memorysetup-profiler-editor-allocator-block-size=1048576"
    "memorysetup-temp-allocator-size-main=16777216"
    "memorysetup-job-temp-allocator-block-size=2097152"
    "memorysetup-job-temp-allocator-block-size-background=1048576"
    "memorysetup-job-temp-allocator-reduction-small-platforms=262144"
    "memorysetup-temp-allocator-size-background-worker=32768"
    "memorysetup-temp-allocator-size-job-worker=262144"
    "memorysetup-temp-allocator-size-preload-manager=33554432"
    "memorysetup-temp-allocator-size-nav-mesh-worker=65536"
    "memorysetup-temp-allocator-size-audio-worker=65536"
    "memorysetup-temp-allocator-size-cloud-worker=32768"
    "memorysetup-temp-allocator-size-gi-baking-worker=262144"
    "memorysetup-temp-allocator-size-gfx=262144"
Refreshing native plugins compatible for Editor in 189.79 ms, found 2 plugins.
Preloading 0 native plugins for Editor in 0.00 ms.
Initialize engine version: 2022.1.17f1 (2d349551e475)
[Subsystems] Discovering subsystems at path /Applications/Unity/Hub/Editor/2022.1.17f1/Unity.app/Contents/Resources/UnitySubsystems
[Subsystems] Discovering subsystems at path /Users/admin/Documents/Матвей/SpectralDescent/Assets
GfxDevice: creating device client; threaded=0; jobified=0
iMac preferred device: NVIDIA GeForce GT 640M (high power)
Metal devices available: 1
0: NVIDIA GeForce GT 640M (high power)
Using device NVIDIA GeForce GT 640M (high power)
Initializing Metal device caps: NVIDIA GeForce GT 640M
Initialize mono
Mono path[0] = '/Applications/Unity/Hub/Editor/2022.1.17f1/Unity.app/Contents/Managed'
Mono path[1] = '/Applications/Unity/Hub/Editor/2022.1.17f1/Unity.app/Contents/MonoBleedingEdge/lib/mono/unityjit-macos'
Mono config path = '/Applications/Unity/Hub/Editor/2022.1.17f1/Unity.app/Contents/MonoBleedingEdge/etc'
Using monoOptions --debugger-agent=transport=dt_socket,embedding=1,server=y,suspend=n,address=127.0.0.1:56983
Begin MonoManager ReloadAssembly
Registering precompiled unity dll's ...
Register platform support module: /Applications/Unity/Hub/Editor/2022.1.17f1/Unity.app/Contents/PlaybackEngines/MacStandaloneSupport/UnityEditor.OSXStandalone.Extensions.dll
Registered in 0.005268 seconds.
Native extension for OSXStandalone target not found
Refreshing native plugins compatible for Editor in 162.64 ms, found 2 plugins.
Preloading 0 native plugins for Editor in 0.00 ms.
Mono: successfully reloaded assembly
- Completed reload, in  1.682 seconds
Domain Reload Profiling:
	ReloadAssembly (1683ms)
		BeginReloadAssembly (247ms)
			ExecutionOrderSort (0ms)
			DisableScriptedObjects (0ms)
			BackupInstance (0ms)
			ReleaseScriptingObjects (0ms)
			CreateAndSetChildDomain (1ms)
		EndReloadAssembly (1152ms)
			LoadAssemblies (248ms)
			RebuildTransferFunctionScriptingTraits (0ms)
			SetupTypeCache (328ms)
				TypeCache.Initialize (327ms)
					TypeCache.ScanAssembly (325ms)
				ResolveRequiredComponents (1ms)
			ReleaseScriptCaches (0ms)
			RebuildScriptCaches (75ms)
			SetupLoadedEditorAssemblies (623ms)
				LogAssemblyErrors (0ms)
				InitializePlatformSupportModulesInManaged (15ms)
				SetLoadedEditorAssemblies (15ms)
				RefreshPlugins (163ms)
				BeforeProcessingInitializeOnLoad (3ms)
				ProcessInitializeOnLoadAttributes (322ms)
				ProcessInitializeOnLoadMethodAttributes (105ms)
				AfterProcessingInitializeOnLoad (0ms)
				EditorAssembliesLoaded (0ms)
			ExecutionOrderSort2 (0ms)
			AwakeInstancesAfterBackupRestoration (0ms)
Platform modules already initialized, skipping
Registering precompiled user dll's ...
Registered in 0.014903 seconds.
Begin MonoManager ReloadAssembly
Symbol file LoadedFromMemory doesn't match image /Users/admin/Documents/Матвей/SpectralDescent/Library/PackageCache/com.unity.visualscripting@1.7.8/Editor/VisualScripting.Core/Dependencies/YamlDotNet/Unity.VisualScripting.YamlDotNet.dll
Symbol file LoadedFromMemory doesn't match image /Users/admin/Documents/Матвей/SpectralDescent/Library/PackageCache/com.unity.visualscripting@1.7.8/Editor/VisualScripting.Core/Dependencies/DotNetZip/Unity.VisualScripting.IonicZip.dll
Native extension for OSXStandalone target not found
Refreshing native plugins compatible for Editor in 0.86 ms, found 2 plugins.
Preloading 0 native plugins for Editor in 0.00 ms.
Mono: successfully reloaded assembly
- Completed reload, in  2.707 seconds
Domain Reload Profiling:
	ReloadAssembly (2709ms)
		BeginReloadAssembly (254ms)
			ExecutionOrderSort (0ms)
			DisableScriptedObjects (13ms)
			BackupInstance (0ms)
			ReleaseScriptingObjects (0ms)
			CreateAndSetChildDomain (61ms)
		EndReloadAssembly (2132ms)
			LoadAssemblies (243ms)
			RebuildTransferFunctionScriptingTraits (0ms)
			SetupTypeCache (747ms)
				TypeCache.Initialize (735ms)
					TypeCache.ScanAssembly (729ms)
				ResolveRequiredComponents (12ms)
			ReleaseScriptCaches (1ms)
			RebuildScriptCaches (129ms)
			SetupLoadedEditorAssemblies (876ms)
				LogAssemblyErrors (0ms)
				InitializePlatformSupportModulesInManaged (9ms)
				SetLoadedEditorAssemblies (13ms)
				RefreshPlugins (1ms)
				BeforeProcessingInitializeOnLoad (151ms)
				ProcessInitializeOnLoadAttributes (629ms)
				ProcessInitializeOnLoadMethodAttributes (69ms)
				AfterProcessingInitializeOnLoad (3ms)
				EditorAssembliesLoaded (0ms)
			ExecutionOrderSort2 (0ms)
			AwakeInstancesAfterBackupRestoration (9ms)
Platform modules already initialized, skipping
========================================================================
Worker process is ready to serve import requests
Launching external process: /Applications/Unity/Hub/Editor/2022.1.17f1/Unity.app/Contents/Tools/UnityShaderCompiler
Launched and connected shader compiler UnityShaderCompiler after 0.11 seconds
Refreshing native plugins compatible for Editor in 1.13 ms, found 2 plugins.
Preloading 0 native plugins for Editor in 0.00 ms.
Unloading 3445 Unused Serialized files (Serialized files now loaded: 0)
Unloading 28 unused Assets / (0.7 MB). Loaded Objects now: 3923.
Memory consumption went from 0.65 GB to 0.65 GB.
Total: 5.258554 ms (FindLiveObjects: 0.371816 ms CreateObjectMapping: 0.215238 ms MarkObjects: 4.248091 ms  DeleteObjects: 0.421265 ms)

AssetImportParameters requested are different than current active one (requested -> active):
  custom:video-decoder-ogg-theora: a1e56fd34408186e4bbccfd4996cb3dc -> 
  custom:container-muxer-webm: aa71ff27fc2769a1b78a27578f13a17b -> 
  custom:container-demuxer-webm: 4f35f7cbe854078d1ac9338744f61a02 -> 
  custom:video-encoder-webm-vp8: eb34c28f22e8b96e1ab97ce403110664 -> 
  custom:framework-osx-AVFoundation: b23960f63f64bdc6ff669e2cdcee2391 -> 
  custom:audio-encoder-webm-vorbis: bf7c407c2cedff20999df2af8eb42d56 -> 
  custom:container-demuxer-ogg: 62fdf1f143b41e24485cea50d1cbac27 -> 
  custom:video-decoder-webm-vp8: 9c59270c3fd7afecdb556c50c9e8de78 -> 
  custom:audio-decoder-ogg-vorbis: bf7c407c2cedff20999df2af8eb42d56 -> 
========================================================================
Received Import Request.
  Time since last request: 10832.390958 seconds.
  path: Packages/com.unity.testtools.codecoverage/package.json
  artifactKey: Guid(ba7d60725b0ec604698819352642be89) Importer(815301076,1909f56bfc062723c751e8b465ee728b)
Start importing Packages/com.unity.testtools.codecoverage/package.json using Guid(ba7d60725b0ec604698819352642be89) Importer(815301076,1909f56bfc062723c751e8b465ee728b)  -> (artifact id: 'b1759a753679e55e310fc685ef4ff2fc') in 0.557833 seconds 
========================================================================
Received Import Request.
  Time since last request: 0.000109 seconds.
  path: Packages/com.unity.ext.nunit/package.json
  artifactKey: Guid(8143d3a8390f2c64685e3bc272bd9e90) Importer(815301076,1909f56bfc062723c751e8b465ee728b)
Start importing Packages/com.unity.ext.nunit/package.json using Guid(8143d3a8390f2c64685e3bc272bd9e90) Importer(815301076,1909f56bfc062723c751e8b465ee728b)  -> (artifact id: '31d196f9f59ba80c1deba05ea4041205') in 0.003583 seconds 
========================================================================
Received Import Request.
  Time since last request: 0.000091 seconds.
  path: Packages/com.unity.editorcoroutines/package.json
  artifactKey: Guid(6428ca6f30e71ee4dbea7e1d0787cb07) Importer(815301076,1909f56bfc062723c751e8b465ee728b)
Start importing Packages/com.unity.editorcoroutines/package.json using Guid(6428ca6f30e71ee4dbea7e1d0787cb07) Importer(815301076,1909f56bfc062723c751e8b465ee728b)  -> (artifact id: '6f7752386aecc45993591de6216aa6ac') in 0.003215 seconds 
========================================================================
Received Import Request.
  Time since last request: 0.000086 seconds.
  path: Packages/com.unity.ide.rider/package.json
  artifactKey: Guid(66c95bb3c74257f41bae2622511dc02d) Importer(815301076,1909f56bfc062723c751e8b465ee728b)
Start importing Packages/com.unity.ide.rider/package.json using Guid(66c95bb3c74257f41bae2622511dc02d) Importer(815301076,1909f56bfc062723c751e8b465ee728b)  -> (artifact id: 'df14aa2865457e437898e74c0b4c761b') in 0.004502 seconds 
========================================================================
Received Import Request.
  Time since last request: 18.203178 seconds.
  path: Assets/Furniture/Source/Textures/2Seat_mask.tga
  artifactKey: Guid(4fce1f5a96537384c8f15944e2449dc0) Importer(815301076,1909f56bfc062723c751e8b465ee728b)
Start importing Assets/Furniture/Source/Textures/2Seat_mask.tga using Guid(4fce1f5a96537384c8f15944e2449dc0) Importer(815301076,1909f56bfc062723c751e8b465ee728b)  -> (artifact id: 'ff1fe599515fce91da3cc6a804327249') in 0.616128 seconds 
========================================================================
Received Import Request.
  Time since last request: 0.000084 seconds.
  path: Assets/Furniture/Source/Textures/3Seat2_Normal.tga
  artifactKey: Guid(e7a62a18c972ca44abc3148673336008) Importer(815301076,1909f56bfc062723c751e8b465ee728b)
Start importing Assets/Furniture/Source/Textures/3Seat2_Normal.tga using Guid(e7a62a18c972ca44abc3148673336008) Importer(815301076,1909f56bfc062723c751e8b465ee728b)  -> (artifact id: '9c2affe6bdee3e8d12594733c2c93dae') in 0.075791 seconds 
========================================================================
Received Import Request.
  Time since last request: 0.000080 seconds.
  path: Assets/Furniture/Source/Textures/3Seat_mask.tga
  artifactKey: Guid(10d652b3ce4d695489cefffe82691c7e) Importer(815301076,1909f56bfc062723c751e8b465ee728b)
Start importing Assets/Furniture/Source/Textures/3Seat_mask.tga using Guid(10d652b3ce4d695489cefffe82691c7e) Importer(815301076,1909f56bfc062723c751e8b465ee728b)  -> (artifact id: '76e841b666421b5ebf0962005eeaf62d') in 0.039905 seconds 
========================================================================
Received Import Request.
  Time since last request: 0.000083 seconds.
  path: Assets/Furniture/Source/Textures/chair_chair_Normal.png
  artifactKey: Guid(071983e8e477c2a438d2549a597b08e4) Importer(815301076,1909f56bfc062723c751e8b465ee728b)
Start importing Assets/Furniture/Source/Textures/chair_chair_Normal.png using Guid(071983e8e477c2a438d2549a597b08e4) Importer(815301076,1909f56bfc062723c751e8b465ee728b)  -> (artifact id: 'a8c2b52c3b8e4d9219d54f4b0e08c86c') in 0.565534 seconds 
========================================================================
Received Import Request.
  Time since last request: 0.000083 seconds.
  path: Assets/Furniture/Source/Textures/2SeatD_Normal.tga
  artifactKey: Guid(88edae7faff09cd4492fcd83e23080dd) Importer(815301076,1909f56bfc062723c751e8b465ee728b)
Start importing Assets/Furniture/Source/Textures/2SeatD_Normal.tga using Guid(88edae7faff09cd4492fcd83e23080dd) Importer(815301076,1909f56bfc062723c751e8b465ee728b)  -> (artifact id: 'b8088d455a4b2ce227c6ff29364e5a30') in 0.076370 seconds 
========================================================================
Received Import Request.
  Time since last request: 0.000100 seconds.
  path: Assets/Furniture/Source/Textures/3SeatDirt_Normal.tga
  artifactKey: Guid(8379405848fffb5458b0fa2a0b245cf7) Importer(815301076,1909f56bfc062723c751e8b465ee728b)
Start importing Assets/Furniture/Source/Textures/3SeatDirt_Normal.tga using Guid(8379405848fffb5458b0fa2a0b245cf7) Importer(815301076,1909f56bfc062723c751e8b465ee728b)  -> (artifact id: '65161b1607a65272a8a27771a94f4ef0') in 0.046967 seconds 
========================================================================
Received Import Request.
  Time since last request: 0.000075 seconds.
  path: Assets/Furniture/Source/Textures/2SeatD_mask.tga
  artifactKey: Guid(f1d33e39cf03d834ba5ac2aaf7260c9c) Importer(815301076,1909f56bfc062723c751e8b465ee728b)
Start importing Assets/Furniture/Source/Textures/2SeatD_mask.tga using Guid(f1d33e39cf03d834ba5ac2aaf7260c9c) Importer(815301076,1909f56bfc062723c751e8b465ee728b)  -> (artifact id: '0dc5f6d98e56c3f47c68a1c2b9552302') in 0.030239 seconds 
========================================================================
Received Import Request.
  Time since last request: 0.000075 seconds.
  path: Assets/Furniture/Source/Textures/3Seat2D_Normal.tga
  artifactKey: Guid(26b4462436ee216469164696286f99eb) Importer(815301076,1909f56bfc062723c751e8b465ee728b)
Start importing Assets/Furniture/Source/Textures/3Seat2D_Normal.tga using Guid(26b4462436ee216469164696286f99eb) Importer(815301076,1909f56bfc062723c751e8b465ee728b)  -> (artifact id: 'd0bc66512a3b5b25e2138e644866d404') in 0.029528 seconds 
========================================================================
Received Import Request.
  Time since last request: 0.000124 seconds.
  path: Assets/Furniture/Source/Mesh/MirrorComode.fbx
  artifactKey: Guid(bbf5add6f97674e4f9d710d2027584f4) Importer(815301076,1909f56bfc062723c751e8b465ee728b)
Start importing Assets/Furniture/Source/Mesh/MirrorComode.fbx using Guid(bbf5add6f97674e4f9d710d2027584f4) Importer(815301076,1909f56bfc062723c751e8b465ee728b)  -> (artifact id: '45c081052f357ed35e36024d6c106fe8') in 1.104339 seconds 
========================================================================
Received Import Request.
  Time since last request: 0.000108 seconds.
  path: Assets/Demon/Meshes/Demon_AttackState_1.fbx
  artifactKey: Guid(13605f886714b6e4ea92053289f72972) Importer(815301076,1909f56bfc062723c751e8b465ee728b)
Start importing Assets/Demon/Meshes/Demon_AttackState_1.fbx using Guid(13605f886714b6e4ea92053289f72972) Importer(815301076,1909f56bfc062723c751e8b465ee728b)  -> (artifact id: '90741f447389ea688eef6974e123ca7f') in 0.307724 seconds 
========================================================================
Received Import Request.
  Time since last request: 0.000087 seconds.
  path: Assets/Demon/Meshes/Demon_AttackState_2.fbx
  artifactKey: Guid(c01cf599618d7a447898c814d9613f27) Importer(815301076,1909f56bfc062723c751e8b465ee728b)
Start importing Assets/Demon/Meshes/Demon_AttackState_2.fbx using Guid(c01cf599618d7a447898c814d9613f27) Importer(815301076,1909f56bfc062723c751e8b465ee728b)  -> (artifact id: 'd62ab6a858c03c3620d82c0fec11c3c3') in 0.074720 seconds 
========================================================================
Received Import Request.
  Time since last request: 0.000110 seconds.
  path: Assets/Demon/Meshes/Demon_IdleState.fbx
  artifactKey: Guid(a931d161ea071624c87150c30c341de7) Importer(815301076,1909f56bfc062723c751e8b465ee728b)
Start importing Assets/Demon/Meshes/Demon_IdleState.fbx using Guid(a931d161ea071624c87150c30c341de7) Importer(815301076,1909f56bfc062723c751e8b465ee728b)  -> (artifact id: 'dc98725c65b73158a381f1a6fc68dc7e') in 0.065640 seconds 
========================================================================
Received Import Request.
  Time since last request: 0.000089 seconds.
  path: Assets/Demon/Prefabs/Demon_IdleState.prefab
  artifactKey: Guid(6eb0d8430753e4247ae0d6a3108ff901) Importer(815301076,1909f56bfc062723c751e8b465ee728b)
Start importing Assets/Demon/Prefabs/Demon_IdleState.prefab using Guid(6eb0d8430753e4247ae0d6a3108ff901) Importer(815301076,1909f56bfc062723c751e8b465ee728b)  -> (artifact id: 'eb318162ce0fa6952460bf27980ce853') in 0.391594 seconds 
========================================================================
Received Import Request.
  Time since last request: 0.000118 seconds.
  path: Assets/Demon/Meshes/Demon_DyingState.fbx
  artifactKey: Guid(b74c9a035f79257409a48b25daa46379) Importer(815301076,1909f56bfc062723c751e8b465ee728b)
Start importing Assets/Demon/Meshes/Demon_DyingState.fbx using Guid(b74c9a035f79257409a48b25daa46379) Importer(815301076,1909f56bfc062723c751e8b465ee728b)  -> (artifact id: 'e2a203f03e9152d80a518edc0f2dfc79') in 0.063271 seconds 
========================================================================
Received Import Request.
  Time since last request: 0.000077 seconds.
  path: Assets/Demon/Prefabs/Demon_DyingState.prefab
  artifactKey: Guid(f551f0a78da6a7448a60fb9a9e2d28dc) Importer(815301076,1909f56bfc062723c751e8b465ee728b)
Start importing Assets/Demon/Prefabs/Demon_DyingState.prefab using Guid(f551f0a78da6a7448a60fb9a9e2d28dc) Importer(815301076,1909f56bfc062723c751e8b465ee728b)  -> (artifact id: '1d533708b8c02669615b8225d8ec740e') in 0.037652 seconds 
========================================================================
Received Import Request.
  Time since last request: 0.000126 seconds.
  path: Assets/Demon/Prefabs/Demon_WalkingState.prefab
  artifactKey: Guid(788d5bb1e594d884290b34ea2ec7d5c8) Importer(815301076,1909f56bfc062723c751e8b465ee728b)
Start importing Assets/Demon/Prefabs/Demon_WalkingState.prefab using Guid(788d5bb1e594d884290b34ea2ec7d5c8) Importer(815301076,1909f56bfc062723c751e8b465ee728b)  -> (artifact id: '029b8ca061fc4597629d0f69624b2b3c') in 0.045101 seconds 
========================================================================
Received Import Request.
  Time since last request: 0.000127 seconds.
  path: Assets/Furniture/Source/Mesh/MirrorComode2.fbx
  artifactKey: Guid(50c1a10f09bac3e4fa83b73c174ce7ad) Importer(815301076,1909f56bfc062723c751e8b465ee728b)
Start importing Assets/Furniture/Source/Mesh/MirrorComode2.fbx using Guid(50c1a10f09bac3e4fa83b73c174ce7ad) Importer(815301076,1909f56bfc062723c751e8b465ee728b)  -> (artifact id: '5758ec1293f29d82c08c0d050e1c501d') in 0.084441 seconds 
========================================================================
Received Import Request.
  Time since last request: 0.000111 seconds.
  path: Assets/Demon/Prefabs/Demon_DefaultPrefab.prefab
  artifactKey: Guid(b1b1e5a1f5b9b9d4d8f92ba08a596c3b) Importer(815301076,1909f56bfc062723c751e8b465ee728b)
Start importing Assets/Demon/Prefabs/Demon_DefaultPrefab.prefab using Guid(b1b1e5a1f5b9b9d4d8f92ba08a596c3b) Importer(815301076,1909f56bfc062723c751e8b465ee728b)  -> (artifact id: 'ba82c862a52fd807318cce7189582168') in 0.035810 seconds 
========================================================================
Received Import Request.
  Time since last request: 0.000080 seconds.
  path: Assets/Demon/Materials/Demon_MT.mat
  artifactKey: Guid(e75c3d8cbc105b64682bcb52fccd654f) Importer(815301076,1909f56bfc062723c751e8b465ee728b)
Start importing Assets/Demon/Materials/Demon_MT.mat using Guid(e75c3d8cbc105b64682bcb52fccd654f) Importer(815301076,1909f56bfc062723c751e8b465ee728b)  -> (artifact id: 'dd8d2d6fea708e2d88de41b2f5ddcec9') in 0.389494 seconds 
========================================================================
Received Import Request.
  Time since last request: 0.000102 seconds.
  path: Assets/Furniture/Prefabs/MirrorComode.prefab
  artifactKey: Guid(f1ffc5e47031c224a92e5b203193d60b) Importer(815301076,1909f56bfc062723c751e8b465ee728b)
Start importing Assets/Furniture/Prefabs/MirrorComode.prefab using Guid(f1ffc5e47031c224a92e5b203193d60b) Importer(815301076,1909f56bfc062723c751e8b465ee728b)  -> (artifact id: 'fa7cc14ad8697d5d9ba1840cdb64741c') in 0.023824 seconds 
========================================================================
Received Import Request.
  Time since last request: 0.000073 seconds.
  path: Assets/Furniture/Source/Textures/3Seat_Normal.tga
  artifactKey: Guid(e56d8a29b833bb9448ec149fdde0871c) Importer(815301076,1909f56bfc062723c751e8b465ee728b)
Start importing Assets/Furniture/Source/Textures/3Seat_Normal.tga using Guid(e56d8a29b833bb9448ec149fdde0871c) Importer(815301076,1909f56bfc062723c751e8b465ee728b)  -> (artifact id: 'f15d8a8d2ce34668b47ebfcb33b73d8d') in 0.030979 seconds 
========================================================================
Received Import Request.
  Time since last request: 0.000100 seconds.
  path: Assets/Furniture/Source/Textures/2Seat_Normal.tga
  artifactKey: Guid(3fe011b5495c9f84b80c1a03685efe16) Importer(815301076,1909f56bfc062723c751e8b465ee728b)
Start importing Assets/Furniture/Source/Textures/2Seat_Normal.tga using Guid(3fe011b5495c9f84b80c1a03685efe16) Importer(815301076,1909f56bfc062723c751e8b465ee728b)  -> (artifact id: '3efce78a7ed34f4085a6e63035402aa7') in 0.032284 seconds 
========================================================================
Received Import Request.
  Time since last request: 0.000078 seconds.
  path: Assets/Furniture/Source/Textures/chair_chair_Metallic.tga
  artifactKey: Guid(8cc7c3d1a987f8944896f44f18284a51) Importer(815301076,1909f56bfc062723c751e8b465ee728b)
Start importing Assets/Furniture/Source/Textures/chair_chair_Metallic.tga using Guid(8cc7c3d1a987f8944896f44f18284a51) Importer(815301076,1909f56bfc062723c751e8b465ee728b)  -> (artifact id: '12893b6c7299028fa023c3ca5b1e1992') in 0.029634 seconds 
========================================================================
Received Import Request.
  Time since last request: 0.000130 seconds.
  path: Assets/Demon/Prefabs/Demon_AttackState_1.prefab
  artifactKey: Guid(13c05d4fe9dfd2d4687b53efb9e38a77) Importer(815301076,1909f56bfc062723c751e8b465ee728b)
Start importing Assets/Demon/Prefabs/Demon_AttackState_1.prefab using Guid(13c05d4fe9dfd2d4687b53efb9e38a77) Importer(815301076,1909f56bfc062723c751e8b465ee728b)  -> (artifact id: '85181ee48a5965aa656f2e77c3b8c8f5') in 0.046924 seconds 
========================================================================
Received Import Request.
  Time since last request: 0.000092 seconds.
  path: Assets/Furniture/Prefabs/MirrorComode2.prefab
  artifactKey: Guid(cf75d98c5ad60534184b2a6377117ef9) Importer(815301076,1909f56bfc062723c751e8b465ee728b)
Start importing Assets/Furniture/Prefabs/MirrorComode2.prefab using Guid(cf75d98c5ad60534184b2a6377117ef9) Importer(815301076,1909f56bfc062723c751e8b465ee728b)  -> (artifact id: '70572cdaa772317f9e251a9916c07551') in 0.033486 seconds 
========================================================================
Received Import Request.
  Time since last request: 0.000137 seconds.
  path: Assets/Furniture/Source/Textures/3Seat2D_mask.tga
  artifactKey: Guid(49d9243b26fef7849beb17dd739b254f) Importer(815301076,1909f56bfc062723c751e8b465ee728b)
Start importing Assets/Furniture/Source/Textures/3Seat2D_mask.tga using Guid(49d9243b26fef7849beb17dd739b254f) Importer(815301076,1909f56bfc062723c751e8b465ee728b)  -> (artifact id: '9a7b729c294506c4698bb39eb17625db') in 0.034983 seconds 
========================================================================
Received Import Request.
  Time since last request: 0.000134 seconds.
  path: Assets/Demon/Prefabs/Demon_AttackState_2.prefab
  artifactKey: Guid(4cf56d9f33bc6ac4b9a09257237ca3da) Importer(815301076,1909f56bfc062723c751e8b465ee728b)
Start importing Assets/Demon/Prefabs/Demon_AttackState_2.prefab using Guid(4cf56d9f33bc6ac4b9a09257237ca3da) Importer(815301076,1909f56bfc062723c751e8b465ee728b)  -> (artifact id: '9f486981aeb95e9d703d84a549b3a667') in 0.036369 seconds 
========================================================================
Received Import Request.
  Time since last request: 0.000081 seconds.
  path: Assets/Demon/Meshes/Demon_WalkingState.fbx
  artifactKey: Guid(b189ab89122bfa84284abff01981d477) Importer(815301076,1909f56bfc062723c751e8b465ee728b)
Start importing Assets/Demon/Meshes/Demon_WalkingState.fbx using Guid(b189ab89122bfa84284abff01981d477) Importer(815301076,1909f56bfc062723c751e8b465ee728b)  -> (artifact id: '62ac4f0cb6c83a6fd473a14598a25662') in 0.060316 seconds 
========================================================================
Received Import Request.
  Time since last request: 0.000504 seconds.
  path: Assets/Furniture/Source/Textures/3Seat2_mask.tga
  artifactKey: Guid(bfa88983bd139804bb61a5d61e1f070b) Importer(815301076,1909f56bfc062723c751e8b465ee728b)
Start importing Assets/Furniture/Source/Textures/3Seat2_mask.tga using Guid(bfa88983bd139804bb61a5d61e1f070b) Importer(815301076,1909f56bfc062723c751e8b465ee728b)  -> (artifact id: '381d5f39d014e118c47a4afa77e38ccc') in 0.034300 seconds 
========================================================================
Received Import Request.
  Time since last request: 0.007154 seconds.
  path: Assets/Furniture/Source/Textures/3SeatDirt_mask.tga
  artifactKey: Guid(5a44fcec9a83a9b4ba369b5dfab3a8ef) Importer(815301076,1909f56bfc062723c751e8b465ee728b)
Start importing Assets/Furniture/Source/Textures/3SeatDirt_mask.tga using Guid(5a44fcec9a83a9b4ba369b5dfab3a8ef) Importer(815301076,1909f56bfc062723c751e8b465ee728b)  -> (artifact id: '1a1a460ac1f654a1cf427b438f2281b4') in 0.037830 seconds 
========================================================================
Received Import Request.
  Time since last request: 2.859699 seconds.
  path: Assets/Furniture/Source/Textures/2SeatD_BaseColor.tga
  artifactKey: Guid(ec322fd5963e8974fbc52de2bb31d3d5) Importer(815301076,1909f56bfc062723c751e8b465ee728b)
Start importing Assets/Furniture/Source/Textures/2SeatD_BaseColor.tga using Guid(ec322fd5963e8974fbc52de2bb31d3d5) Importer(815301076,1909f56bfc062723c751e8b465ee728b)  -> (artifact id: '71bd7301c3f51c5d0ea4f9410efbb847') in 0.029816 seconds 
========================================================================
Received Import Request.
  Time since last request: 0.000109 seconds.
  path: Assets/Furniture/Source/Materials/2SeatD_BaseColor.mat
  artifactKey: Guid(ccba79b675706c24b9844d369f23ade1) Importer(815301076,1909f56bfc062723c751e8b465ee728b)
Start importing Assets/Furniture/Source/Materials/2SeatD_BaseColor.mat using Guid(ccba79b675706c24b9844d369f23ade1) Importer(815301076,1909f56bfc062723c751e8b465ee728b)  -> (artifact id: 'e05af9ab6b6e50d2d3f2ad92ce11b8bb') in 0.035065 seconds 
========================================================================
Received Import Request.
  Time since last request: 0.000118 seconds.
  path: Assets/milltype/MyTown/Textures/House/Materials/AntennaBody.mat
  artifactKey: Guid(e77abd7968cbc5c4e8141e0e52deda63) Importer(815301076,1909f56bfc062723c751e8b465ee728b)
Start importing Assets/milltype/MyTown/Textures/House/Materials/AntennaBody.mat using Guid(e77abd7968cbc5c4e8141e0e52deda63) Importer(815301076,1909f56bfc062723c751e8b465ee728b)  -> (artifact id: 'aedff3a184d6e54bd835c2dd7e2d95ca') in 0.015090 seconds 
========================================================================
Received Import Request.
  Time since last request: 0.000117 seconds.
  path: Assets/Furniture/Source/Textures/chair_chair_Albedo.tga
  artifactKey: Guid(4ba86f10635d7034cac10dda5fb0e27e) Importer(815301076,1909f56bfc062723c751e8b465ee728b)
Start importing Assets/Furniture/Source/Textures/chair_chair_Albedo.tga using Guid(4ba86f10635d7034cac10dda5fb0e27e) Importer(815301076,1909f56bfc062723c751e8b465ee728b)  -> (artifact id: '823e2966ff4402c115f890e82673caf6') in 0.022168 seconds 
========================================================================
Received Import Request.
  Time since last request: 0.000114 seconds.
  path: Assets/Furniture/Source/Materials/3Seat2D_BaseColor.mat
  artifactKey: Guid(543b73a4ce5bf66408a57b3d0a721959) Importer(815301076,1909f56bfc062723c751e8b465ee728b)
Start importing Assets/Furniture/Source/Materials/3Seat2D_BaseColor.mat using Guid(543b73a4ce5bf66408a57b3d0a721959) Importer(815301076,1909f56bfc062723c751e8b465ee728b)  -> (artifact id: '0e35e994056e8615a40b08738c83df9b') in 0.041325 seconds 
========================================================================
Received Import Request.
  Time since last request: 0.000092 seconds.
  path: Assets/milltype/MyTown/Textures/House/CorridorSide.png
  artifactKey: Guid(2c1dc58beb52e794c9a817b0782b7881) Importer(815301076,1909f56bfc062723c751e8b465ee728b)
Start importing Assets/milltype/MyTown/Textures/House/CorridorSide.png using Guid(2c1dc58beb52e794c9a817b0782b7881) Importer(815301076,1909f56bfc062723c751e8b465ee728b)  -> (artifact id: '7f6e58a9ce2fb3b04b2f600790c71013') in 0.012370 seconds 
========================================================================
Received Import Request.
  Time since last request: 0.000131 seconds.
  path: Assets/HousePack/Models/House9/Materials/09 - Default.mat
  artifactKey: Guid(3b32d600f2220644ebf56e5d492a0106) Importer(815301076,1909f56bfc062723c751e8b465ee728b)
Start importing Assets/HousePack/Models/House9/Materials/09 - Default.mat using Guid(3b32d600f2220644ebf56e5d492a0106) Importer(815301076,1909f56bfc062723c751e8b465ee728b)  -> (artifact id: 'cb95e85439d5d2681901d8093748cce9') in 0.012712 seconds 
========================================================================
Received Import Request.
  Time since last request: 0.000112 seconds.
  path: Assets/Furniture/Source/Materials/3SeatDirt_BaseColor.mat
  artifactKey: Guid(efc342f7b2a0699478373355bfc9d9fe) Importer(815301076,1909f56bfc062723c751e8b465ee728b)
Start importing Assets/Furniture/Source/Materials/3SeatDirt_BaseColor.mat using Guid(efc342f7b2a0699478373355bfc9d9fe) Importer(815301076,1909f56bfc062723c751e8b465ee728b)  -> (artifact id: '1b70414da25ae08f57c03120b4b2839f') in 0.039059 seconds 
========================================================================
Received Import Request.
  Time since last request: 0.000080 seconds.
  path: Assets/Furniture/Source/Textures/3SeatDirt_BaseColor.tga
  artifactKey: Guid(5e44a7f75c2b6cb4893079118e51e2e9) Importer(815301076,1909f56bfc062723c751e8b465ee728b)
Start importing Assets/Furniture/Source/Textures/3SeatDirt_BaseColor.tga using Guid(5e44a7f75c2b6cb4893079118e51e2e9) Importer(815301076,1909f56bfc062723c751e8b465ee728b)  -> (artifact id: '25cbc5cf1a852f11e8018b24cd417216') in 0.015852 seconds 
========================================================================
Received Import Request.
  Time since last request: 0.000111 seconds.
  path: Assets/Furniture/Source/Materials/chair_chair_Albedo.mat
  artifactKey: Guid(d1fba8d3d1a677745a1ef3d5c474f69c) Importer(815301076,1909f56bfc062723c751e8b465ee728b)
Start importing Assets/Furniture/Source/Materials/chair_chair_Albedo.mat using Guid(d1fba8d3d1a677745a1ef3d5c474f69c) Importer(815301076,1909f56bfc062723c751e8b465ee728b)  -> (artifact id: 'b1c79a4dc4085f867afd8a17d2c94ff4') in 0.031766 seconds 
========================================================================
Received Import Request.
  Time since last request: 0.000081 seconds.
  path: Assets/Furniture/Source/Textures/3Seat2D_BaseColor.tga
  artifactKey: Guid(81f0e90dc8142c943a860a051695d76d) Importer(815301076,1909f56bfc062723c751e8b465ee728b)
Start importing Assets/Furniture/Source/Textures/3Seat2D_BaseColor.tga using Guid(81f0e90dc8142c943a860a051695d76d) Importer(815301076,1909f56bfc062723c751e8b465ee728b)  -> (artifact id: '38af66b58b47e4db980ae44578b4b89d') in 0.016765 seconds 
========================================================================
Received Import Request.
  Time since last request: 0.000103 seconds.
  path: Assets/milltype/MyTown/Textures/House/AntennaBody.png
  artifactKey: Guid(ce37786ed32588346bfc5c283b32b358) Importer(815301076,1909f56bfc062723c751e8b465ee728b)
Start importing Assets/milltype/MyTown/Textures/House/AntennaBody.png using Guid(ce37786ed32588346bfc5c283b32b358) Importer(815301076,1909f56bfc062723c751e8b465ee728b)  -> (artifact id: '866ab0ae13989aa84ac8944d1838d9fb') in 0.009933 seconds 
========================================================================
Received Import Request.
  Time since last request: 0.000124 seconds.
  path: Assets/milltype/MyTown/Textures/House/Materials/CorridorSide.mat
  artifactKey: Guid(a38c76a3e1e2e4745b90993e0e1d997a) Importer(815301076,1909f56bfc062723c751e8b465ee728b)
Start importing Assets/milltype/MyTown/Textures/House/Materials/CorridorSide.mat using Guid(a38c76a3e1e2e4745b90993e0e1d997a) Importer(815301076,1909f56bfc062723c751e8b465ee728b)  -> (artifact id: '759fb3691c509ae30b578e8c9df309bf') in 0.012146 seconds 
========================================================================
Received Prepare
Registering precompiled user dll's ...
Registered in 0.003787 seconds.
Begin MonoManager ReloadAssembly
Symbol file LoadedFromMemory doesn't match image /Users/admin/Documents/Матвей/SpectralDescent/Library/PackageCache/com.unity.visualscripting@1.7.8/Editor/VisualScripting.Core/Dependencies/YamlDotNet/Unity.VisualScripting.YamlDotNet.dll
Symbol file LoadedFromMemory doesn't match image /Users/admin/Documents/Матвей/SpectralDescent/Library/PackageCache/com.unity.visualscripting@1.7.8/Editor/VisualScripting.Core/Dependencies/DotNetZip/Unity.VisualScripting.IonicZip.dll
Native extension for OSXStandalone target not found
Refreshing native plugins compatible for Editor in 1.05 ms, found 2 plugins.
Preloading 0 native plugins for Editor in 0.00 ms.
Mono: successfully reloaded assembly
- Completed reload, in  2.228 seconds
Domain Reload Profiling:
	ReloadAssembly (2229ms)
		BeginReloadAssembly (247ms)
			ExecutionOrderSort (0ms)
			DisableScriptedObjects (9ms)
			BackupInstance (0ms)
			ReleaseScriptingObjects (0ms)
			CreateAndSetChildDomain (103ms)
		EndReloadAssembly (1777ms)
			LoadAssemblies (122ms)
			RebuildTransferFunctionScriptingTraits (0ms)
			SetupTypeCache (676ms)
				TypeCache.Initialize (664ms)
					TypeCache.ScanAssembly (657ms)
				ResolveRequiredComponents (12ms)
			ReleaseScriptCaches (2ms)
			RebuildScriptCaches (97ms)
			SetupLoadedEditorAssemblies (743ms)
				LogAssemblyErrors (0ms)
				InitializePlatformSupportModulesInManaged (18ms)
				SetLoadedEditorAssemblies (14ms)
				RefreshPlugins (1ms)
				BeforeProcessingInitializeOnLoad (111ms)
				ProcessInitializeOnLoadAttributes (532ms)
				ProcessInitializeOnLoadMethodAttributes (63ms)
				AfterProcessingInitializeOnLoad (3ms)
				EditorAssembliesLoaded (0ms)
			ExecutionOrderSort2 (0ms)
			AwakeInstancesAfterBackupRestoration (10ms)
Platform modules already initialized, skipping
Refreshing native plugins compatible for Editor in 2.98 ms, found 2 plugins.
Preloading 0 native plugins for Editor in 0.00 ms.
Unloading 3423 Unused Serialized files (Serialized files now loaded: 0)
Unloading 21 unused Assets / (0.6 MB). Loaded Objects now: 3975.
Memory consumption went from 0.68 GB to 0.68 GB.
Total: 5.420583 ms (FindLiveObjects: 0.457821 ms CreateObjectMapping: 0.210129 ms MarkObjects: 4.380762 ms  DeleteObjects: 0.370140 ms)

AssetImportParameters requested are different than current active one (requested -> active):
  custom:video-decoder-ogg-theora: a1e56fd34408186e4bbccfd4996cb3dc -> 
  custom:container-muxer-webm: aa71ff27fc2769a1b78a27578f13a17b -> 
  custom:container-demuxer-webm: 4f35f7cbe854078d1ac9338744f61a02 -> 
  custom:video-encoder-webm-vp8: eb34c28f22e8b96e1ab97ce403110664 -> 
  custom:framework-osx-AVFoundation: b23960f63f64bdc6ff669e2cdcee2391 -> 
  custom:audio-encoder-webm-vorbis: bf7c407c2cedff20999df2af8eb42d56 -> 
  custom:container-demuxer-ogg: 62fdf1f143b41e24485cea50d1cbac27 -> 
  custom:video-decoder-webm-vp8: 9c59270c3fd7afecdb556c50c9e8de78 -> 
  custom:audio-decoder-ogg-vorbis: bf7c407c2cedff20999df2af8eb42d56 -> 
========================================================================
Received Prepare
Registering precompiled user dll's ...
Registered in 0.003601 seconds.
Begin MonoManager ReloadAssembly
Symbol file LoadedFromMemory doesn't match image /Users/admin/Documents/Матвей/SpectralDescent/Library/PackageCache/com.unity.visualscripting@1.7.8/Editor/VisualScripting.Core/Dependencies/YamlDotNet/Unity.VisualScripting.YamlDotNet.dll
Symbol file LoadedFromMemory doesn't match image /Users/admin/Documents/Матвей/SpectralDescent/Library/PackageCache/com.unity.visualscripting@1.7.8/Editor/VisualScripting.Core/Dependencies/DotNetZip/Unity.VisualScripting.IonicZip.dll
Native extension for OSXStandalone target not found
Refreshing native plugins compatible for Editor in 0.93 ms, found 2 plugins.
Preloading 0 native plugins for Editor in 0.00 ms.
Mono: successfully reloaded assembly
- Completed reload, in  2.242 seconds
Domain Reload Profiling:
	ReloadAssembly (2244ms)
		BeginReloadAssembly (242ms)
			ExecutionOrderSort (0ms)
			DisableScriptedObjects (13ms)
			BackupInstance (0ms)
			ReleaseScriptingObjects (0ms)
			CreateAndSetChildDomain (100ms)
		EndReloadAssembly (1801ms)
			LoadAssemblies (115ms)
			RebuildTransferFunctionScriptingTraits (0ms)
			SetupTypeCache (665ms)
				TypeCache.Initialize (653ms)
					TypeCache.ScanAssembly (646ms)
				ResolveRequiredComponents (12ms)
			ReleaseScriptCaches (1ms)
			RebuildScriptCaches (99ms)
			SetupLoadedEditorAssemblies (776ms)
				LogAssemblyErrors (0ms)
				InitializePlatformSupportModulesInManaged (23ms)
				SetLoadedEditorAssemblies (14ms)
				RefreshPlugins (1ms)
				BeforeProcessingInitializeOnLoad (110ms)
				ProcessInitializeOnLoadAttributes (559ms)
				ProcessInitializeOnLoadMethodAttributes (65ms)
				AfterProcessingInitializeOnLoad (3ms)
				EditorAssembliesLoaded (0ms)
			ExecutionOrderSort2 (0ms)
			AwakeInstancesAfterBackupRestoration (9ms)
Platform modules already initialized, skipping
Refreshing native plugins compatible for Editor in 4.09 ms, found 2 plugins.
Preloading 0 native plugins for Editor in 0.00 ms.
Unloading 3424 Unused Serialized files (Serialized files now loaded: 0)
Unloading 21 unused Assets / (0.6 MB). Loaded Objects now: 3978.
Memory consumption went from 0.68 GB to 0.68 GB.
Total: 6.789293 ms (FindLiveObjects: 0.986154 ms CreateObjectMapping: 0.371534 ms MarkObjects: 4.926877 ms  DeleteObjects: 0.502086 ms)

AssetImportParameters requested are different than current active one (requested -> active):
  custom:video-decoder-ogg-theora: a1e56fd34408186e4bbccfd4996cb3dc -> 
  custom:container-muxer-webm: aa71ff27fc2769a1b78a27578f13a17b -> 
  custom:container-demuxer-webm: 4f35f7cbe854078d1ac9338744f61a02 -> 
  custom:video-encoder-webm-vp8: eb34c28f22e8b96e1ab97ce403110664 -> 
  custom:framework-osx-AVFoundation: b23960f63f64bdc6ff669e2cdcee2391 -> 
  custom:audio-encoder-webm-vorbis: bf7c407c2cedff20999df2af8eb42d56 -> 
  custom:container-demuxer-ogg: 62fdf1f143b41e24485cea50d1cbac27 -> 
  custom:video-decoder-webm-vp8: 9c59270c3fd7afecdb556c50c9e8de78 -> 
  custom:audio-decoder-ogg-vorbis: bf7c407c2cedff20999df2af8eb42d56 -> 
========================================================================
Received Import Request.
  Time since last request: 194.392273 seconds.
  path: Assets/Demon/Scripts/DemonController.cs
  artifactKey: Guid(5aa6fe26a9879f04fbfd0ecbace7cb2c) Importer(815301076,1909f56bfc062723c751e8b465ee728b)
Start importing Assets/Demon/Scripts/DemonController.cs using Guid(5aa6fe26a9879f04fbfd0ecbace7cb2c) Importer(815301076,1909f56bfc062723c751e8b465ee728b)  -> (artifact id: '3f9aaf9feac5a1b51c80fbead7cb2969') in 0.371410 seconds 
========================================================================
Received Import Request.
  Time since last request: 67.671790 seconds.
  path: Assets/Demon/Scenes/DemoScene.unity
  artifactKey: Guid(5aa4f8cdeb05cb240bc4c995e3b1f5e4) Importer(815301076,1909f56bfc062723c751e8b465ee728b)
Start importing Assets/Demon/Scenes/DemoScene.unity using Guid(5aa4f8cdeb05cb240bc4c995e3b1f5e4) Importer(815301076,1909f56bfc062723c751e8b465ee728b)  -> (artifact id: '73fa230e168ce14971f645e99b2f38cd') in 0.002445 seconds 
========================================================================
Received Prepare
Registering precompiled user dll's ...
Registered in 0.003749 seconds.
Begin MonoManager ReloadAssembly
Symbol file LoadedFromMemory doesn't match image /Users/admin/Documents/Матвей/SpectralDescent/Library/PackageCache/com.unity.visualscripting@1.7.8/Editor/VisualScripting.Core/Dependencies/YamlDotNet/Unity.VisualScripting.YamlDotNet.dll
Symbol file LoadedFromMemory doesn't match image /Users/admin/Documents/Матвей/SpectralDescent/Library/PackageCache/com.unity.visualscripting@1.7.8/Editor/VisualScripting.Core/Dependencies/DotNetZip/Unity.VisualScripting.IonicZip.dll
Native extension for OSXStandalone target not found
Refreshing native plugins compatible for Editor in 1.33 ms, found 2 plugins.
Preloading 0 native plugins for Editor in 0.00 ms.
Mono: successfully reloaded assembly
- Completed reload, in  2.369 seconds
Domain Reload Profiling:
	ReloadAssembly (2370ms)
		BeginReloadAssembly (235ms)
			ExecutionOrderSort (0ms)
			DisableScriptedObjects (11ms)
			BackupInstance (0ms)
			ReleaseScriptingObjects (0ms)
			CreateAndSetChildDomain (98ms)
		EndReloadAssembly (1926ms)
			LoadAssemblies (114ms)
			RebuildTransferFunctionScriptingTraits (0ms)
			SetupTypeCache (801ms)
				TypeCache.Initialize (789ms)
					TypeCache.ScanAssembly (781ms)
				ResolveRequiredComponents (12ms)
			ReleaseScriptCaches (2ms)
			RebuildScriptCaches (95ms)
			SetupLoadedEditorAssemblies (772ms)
				LogAssemblyErrors (0ms)
				InitializePlatformSupportModulesInManaged (22ms)
				SetLoadedEditorAssemblies (13ms)
				RefreshPlugins (1ms)
				BeforeProcessingInitializeOnLoad (112ms)
				ProcessInitializeOnLoadAttributes (557ms)
				ProcessInitializeOnLoadMethodAttributes (62ms)
				AfterProcessingInitializeOnLoad (4ms)
				EditorAssembliesLoaded (0ms)
			ExecutionOrderSort2 (0ms)
			AwakeInstancesAfterBackupRestoration (9ms)
Platform modules already initialized, skipping
Refreshing native plugins compatible for Editor in 2.19 ms, found 2 plugins.
Preloading 0 native plugins for Editor in 0.00 ms.
Unloading 3423 Unused Serialized files (Serialized files now loaded: 0)
Unloading 21 unused Assets / (0.6 MB). Loaded Objects now: 3981.
Memory consumption went from 0.69 GB to 0.69 GB.
Total: 5.282487 ms (FindLiveObjects: 0.345368 ms CreateObjectMapping: 0.178321 ms MarkObjects: 4.388562 ms  DeleteObjects: 0.368419 ms)

AssetImportParameters requested are different than current active one (requested -> active):
  custom:video-decoder-ogg-theora: a1e56fd34408186e4bbccfd4996cb3dc -> 
  custom:container-muxer-webm: aa71ff27fc2769a1b78a27578f13a17b -> 
  custom:container-demuxer-webm: 4f35f7cbe854078d1ac9338744f61a02 -> 
  custom:video-encoder-webm-vp8: eb34c28f22e8b96e1ab97ce403110664 -> 
  custom:framework-osx-AVFoundation: b23960f63f64bdc6ff669e2cdcee2391 -> 
  custom:audio-encoder-webm-vorbis: bf7c407c2cedff20999df2af8eb42d56 -> 
  custom:container-demuxer-ogg: 62fdf1f143b41e24485cea50d1cbac27 -> 
  custom:video-decoder-webm-vp8: 9c59270c3fd7afecdb556c50c9e8de78 -> 
  custom:audio-decoder-ogg-vorbis: bf7c407c2cedff20999df2af8eb42d56 -> 
========================================================================
Received Import Request.
  Time since last request: 36.630829 seconds.
  path: Assets/Demon/Prefabs
  artifactKey: Guid(5ca2ef0dae759ca4da68c454fcf67497) Importer(815301076,1909f56bfc062723c751e8b465ee728b)
Start importing Assets/Demon/Prefabs using Guid(5ca2ef0dae759ca4da68c454fcf67497) Importer(815301076,1909f56bfc062723c751e8b465ee728b)  -> (artifact id: 'f8fd75bc6a4df72e68983206007fff74') in 0.005207 seconds 
========================================================================
Received Import Request.
  Time since last request: 12.642646 seconds.
  path: Assets/Demon/Demon.prefab
  artifactKey: Guid(c1117e049bf714759b67263ce0e90764) Importer(815301076,1909f56bfc062723c751e8b465ee728b)
Start importing Assets/Demon/Demon.prefab using Guid(c1117e049bf714759b67263ce0e90764) Importer(815301076,1909f56bfc062723c751e8b465ee728b)  -> (artifact id: 'a899d30b54b2550d796d1372439d2403') in 0.310646 seconds 
========================================================================
Received Import Request.
  Time since last request: 27.860087 seconds.
  path: Assets/Scenes/MainScene.unity
  artifactKey: Guid(9fc0d4010bbf28b4594072e72b8655ab) Importer(815301076,1909f56bfc062723c751e8b465ee728b)
Start importing Assets/Scenes/MainScene.unity using Guid(9fc0d4010bbf28b4594072e72b8655ab) Importer(815301076,1909f56bfc062723c751e8b465ee728b)  -> (artifact id: '118de3eba1f635cdc9a3bd90bf2983ed') in 0.005439 seconds 
========================================================================
Received Import Request.
  Time since last request: 225.091644 seconds.
  path: Assets/Demon
  artifactKey: Guid(5b90023777eef47a38eb5f4a6bd0059c) Importer(815301076,1909f56bfc062723c751e8b465ee728b)
Start importing Assets/Demon using Guid(5b90023777eef47a38eb5f4a6bd0059c) Importer(815301076,1909f56bfc062723c751e8b465ee728b)  -> (artifact id: 'b9a0306c6e41c7de4a83c412d5897c07') in 0.001092 seconds 
========================================================================
Received Import Request.
  Time since last request: 0.523145 seconds.
  path: Assets/Demon/Meshes
  artifactKey: Guid(00ffc653646c11943b53696ad5da3f27) Importer(815301076,1909f56bfc062723c751e8b465ee728b)
Start importing Assets/Demon/Meshes using Guid(00ffc653646c11943b53696ad5da3f27) Importer(815301076,1909f56bfc062723c751e8b465ee728b)  -> (artifact id: '786c67f2293761d9b58fd57428a11506') in 0.005368 seconds 
========================================================================
Received Prepare
Registering precompiled user dll's ...
Registered in 0.003525 seconds.
Begin MonoManager ReloadAssembly
Symbol file LoadedFromMemory doesn't match image /Users/admin/Documents/Матвей/SpectralDescent/Library/PackageCache/com.unity.visualscripting@1.7.8/Editor/VisualScripting.Core/Dependencies/YamlDotNet/Unity.VisualScripting.YamlDotNet.dll
Symbol file LoadedFromMemory doesn't match image /Users/admin/Documents/Матвей/SpectralDescent/Library/PackageCache/com.unity.visualscripting@1.7.8/Editor/VisualScripting.Core/Dependencies/DotNetZip/Unity.VisualScripting.IonicZip.dll
Native extension for OSXStandalone target not found
Refreshing native plugins compatible for Editor in 1.13 ms, found 2 plugins.
Preloading 0 native plugins for Editor in 0.00 ms.
Mono: successfully reloaded assembly
- Completed reload, in  2.237 seconds
Domain Reload Profiling:
	ReloadAssembly (2238ms)
		BeginReloadAssembly (258ms)
			ExecutionOrderSort (0ms)
			DisableScriptedObjects (11ms)
			BackupInstance (0ms)
			ReleaseScriptingObjects (0ms)
			CreateAndSetChildDomain (105ms)
		EndReloadAssembly (1766ms)
			LoadAssemblies (159ms)
			RebuildTransferFunctionScriptingTraits (0ms)
			SetupTypeCache (662ms)
				TypeCache.Initialize (650ms)
					TypeCache.ScanAssembly (642ms)
				ResolveRequiredComponents (12ms)
			ReleaseScriptCaches (2ms)
			RebuildScriptCaches (104ms)
			SetupLoadedEditorAssemblies (704ms)
				LogAssemblyErrors (0ms)
				InitializePlatformSupportModulesInManaged (17ms)
				SetLoadedEditorAssemblies (14ms)
				RefreshPlugins (1ms)
				BeforeProcessingInitializeOnLoad (104ms)
				ProcessInitializeOnLoadAttributes (504ms)
				ProcessInitializeOnLoadMethodAttributes (58ms)
				AfterProcessingInitializeOnLoad (3ms)
				EditorAssembliesLoaded (0ms)
			ExecutionOrderSort2 (0ms)
			AwakeInstancesAfterBackupRestoration (9ms)
Platform modules already initialized, skipping
Refreshing native plugins compatible for Editor in 3.01 ms, found 2 plugins.
Preloading 0 native plugins for Editor in 0.00 ms.
Unloading 3423 Unused Serialized files (Serialized files now loaded: 0)
Unloading 21 unused Assets / (0.6 MB). Loaded Objects now: 3984.
Memory consumption went from 0.69 GB to 0.69 GB.
Total: 6.058937 ms (FindLiveObjects: 0.416064 ms CreateObjectMapping: 0.211000 ms MarkObjects: 5.016847 ms  DeleteObjects: 0.413352 ms)

AssetImportParameters requested are different than current active one (requested -> active):
  custom:video-decoder-ogg-theora: a1e56fd34408186e4bbccfd4996cb3dc -> 
  custom:container-muxer-webm: aa71ff27fc2769a1b78a27578f13a17b -> 
  custom:container-demuxer-webm: 4f35f7cbe854078d1ac9338744f61a02 -> 
  custom:video-encoder-webm-vp8: eb34c28f22e8b96e1ab97ce403110664 -> 
  custom:framework-osx-AVFoundation: b23960f63f64bdc6ff669e2cdcee2391 -> 
  custom:audio-encoder-webm-vorbis: bf7c407c2cedff20999df2af8eb42d56 -> 
  custom:container-demuxer-ogg: 62fdf1f143b41e24485cea50d1cbac27 -> 
  custom:video-decoder-webm-vp8: 9c59270c3fd7afecdb556c50c9e8de78 -> 
  custom:audio-decoder-ogg-vorbis: bf7c407c2cedff20999df2af8eb42d56 -> 
========================================================================
Received Prepare
Registering precompiled user dll's ...
Registered in 0.003855 seconds.
Begin MonoManager ReloadAssembly
Symbol file LoadedFromMemory doesn't match image /Users/admin/Documents/Матвей/SpectralDescent/Library/PackageCache/com.unity.visualscripting@1.7.8/Editor/VisualScripting.Core/Dependencies/YamlDotNet/Unity.VisualScripting.YamlDotNet.dll
Symbol file LoadedFromMemory doesn't match image /Users/admin/Documents/Матвей/SpectralDescent/Library/PackageCache/com.unity.visualscripting@1.7.8/Editor/VisualScripting.Core/Dependencies/DotNetZip/Unity.VisualScripting.IonicZip.dll
Native extension for OSXStandalone target not found
Refreshing native plugins compatible for Editor in 0.86 ms, found 2 plugins.
Preloading 0 native plugins for Editor in 0.00 ms.
Mono: successfully reloaded assembly
- Completed reload, in  2.297 seconds
Domain Reload Profiling:
	ReloadAssembly (2298ms)
		BeginReloadAssembly (245ms)
			ExecutionOrderSort (0ms)
			DisableScriptedObjects (11ms)
			BackupInstance (0ms)
			ReleaseScriptingObjects (0ms)
			CreateAndSetChildDomain (102ms)
		EndReloadAssembly (1842ms)
			LoadAssemblies (116ms)
			RebuildTransferFunctionScriptingTraits (0ms)
			SetupTypeCache (662ms)
				TypeCache.Initialize (650ms)
					TypeCache.ScanAssembly (643ms)
				ResolveRequiredComponents (12ms)
			ReleaseScriptCaches (2ms)
			RebuildScriptCaches (99ms)
			SetupLoadedEditorAssemblies (804ms)
				LogAssemblyErrors (0ms)
				InitializePlatformSupportModulesInManaged (19ms)
				SetLoadedEditorAssemblies (14ms)
				RefreshPlugins (1ms)
				BeforeProcessingInitializeOnLoad (110ms)
				ProcessInitializeOnLoadAttributes (562ms)
				ProcessInitializeOnLoadMethodAttributes (91ms)
				AfterProcessingInitializeOnLoad (6ms)
				EditorAssembliesLoaded (1ms)
			ExecutionOrderSort2 (0ms)
			AwakeInstancesAfterBackupRestoration (13ms)
Platform modules already initialized, skipping
Refreshing native plugins compatible for Editor in 2.44 ms, found 2 plugins.
Preloading 0 native plugins for Editor in 0.00 ms.
Unloading 3424 Unused Serialized files (Serialized files now loaded: 0)
Unloading 21 unused Assets / (0.6 MB). Loaded Objects now: 3987.
Memory consumption went from 0.69 GB to 0.69 GB.
Total: 7.164099 ms (FindLiveObjects: 0.445546 ms CreateObjectMapping: 0.177157 ms MarkObjects: 6.107236 ms  DeleteObjects: 0.432668 ms)

AssetImportParameters requested are different than current active one (requested -> active):
  custom:video-decoder-ogg-theora: a1e56fd34408186e4bbccfd4996cb3dc -> 
  custom:container-muxer-webm: aa71ff27fc2769a1b78a27578f13a17b -> 
  custom:container-demuxer-webm: 4f35f7cbe854078d1ac9338744f61a02 -> 
  custom:video-encoder-webm-vp8: eb34c28f22e8b96e1ab97ce403110664 -> 
  custom:framework-osx-AVFoundation: b23960f63f64bdc6ff669e2cdcee2391 -> 
  custom:audio-encoder-webm-vorbis: bf7c407c2cedff20999df2af8eb42d56 -> 
  custom:container-demuxer-ogg: 62fdf1f143b41e24485cea50d1cbac27 -> 
  custom:video-decoder-webm-vp8: 9c59270c3fd7afecdb556c50c9e8de78 -> 
  custom:audio-decoder-ogg-vorbis: bf7c407c2cedff20999df2af8eb42d56 -> 
========================================================================
Received Prepare
Registering precompiled user dll's ...
Registered in 0.003928 seconds.
Begin MonoManager ReloadAssembly
Symbol file LoadedFromMemory doesn't match image /Users/admin/Documents/Матвей/SpectralDescent/Library/PackageCache/com.unity.visualscripting@1.7.8/Editor/VisualScripting.Core/Dependencies/YamlDotNet/Unity.VisualScripting.YamlDotNet.dll
Symbol file LoadedFromMemory doesn't match image /Users/admin/Documents/Матвей/SpectralDescent/Library/PackageCache/com.unity.visualscripting@1.7.8/Editor/VisualScripting.Core/Dependencies/DotNetZip/Unity.VisualScripting.IonicZip.dll
Native extension for OSXStandalone target not found
Refreshing native plugins compatible for Editor in 0.97 ms, found 2 plugins.
Preloading 0 native plugins for Editor in 0.00 ms.
Mono: successfully reloaded assembly
- Completed reload, in  2.176 seconds
Domain Reload Profiling:
	ReloadAssembly (2177ms)
		BeginReloadAssembly (233ms)
			ExecutionOrderSort (0ms)
			DisableScriptedObjects (11ms)
			BackupInstance (0ms)
			ReleaseScriptingObjects (0ms)
			CreateAndSetChildDomain (97ms)
		EndReloadAssembly (1741ms)
			LoadAssemblies (111ms)
			RebuildTransferFunctionScriptingTraits (0ms)
			SetupTypeCache (609ms)
				TypeCache.Initialize (598ms)
					TypeCache.ScanAssembly (591ms)
				ResolveRequiredComponents (11ms)
			ReleaseScriptCaches (2ms)
			RebuildScriptCaches (96ms)
			SetupLoadedEditorAssemblies (771ms)
				LogAssemblyErrors (0ms)
				InitializePlatformSupportModulesInManaged (19ms)
				SetLoadedEditorAssemblies (14ms)
				RefreshPlugins (1ms)
				BeforeProcessingInitializeOnLoad (112ms)
				ProcessInitializeOnLoadAttributes (557ms)
				ProcessInitializeOnLoadMethodAttributes (64ms)
				AfterProcessingInitializeOnLoad (3ms)
				EditorAssembliesLoaded (0ms)
			ExecutionOrderSort2 (0ms)
			AwakeInstancesAfterBackupRestoration (10ms)
Platform modules already initialized, skipping
Refreshing native plugins compatible for Editor in 2.63 ms, found 2 plugins.
Preloading 0 native plugins for Editor in 0.00 ms.
Unloading 3424 Unused Serialized files (Serialized files now loaded: 0)
Unloading 21 unused Assets / (0.6 MB). Loaded Objects now: 3990.
Memory consumption went from 0.69 GB to 0.69 GB.
Total: 6.289427 ms (FindLiveObjects: 0.370292 ms CreateObjectMapping: 0.543203 ms MarkObjects: 4.837483 ms  DeleteObjects: 0.536517 ms)

AssetImportParameters requested are different than current active one (requested -> active):
  custom:video-decoder-ogg-theora: a1e56fd34408186e4bbccfd4996cb3dc -> 
  custom:container-muxer-webm: aa71ff27fc2769a1b78a27578f13a17b -> 
  custom:container-demuxer-webm: 4f35f7cbe854078d1ac9338744f61a02 -> 
  custom:video-encoder-webm-vp8: eb34c28f22e8b96e1ab97ce403110664 -> 
  custom:framework-osx-AVFoundation: b23960f63f64bdc6ff669e2cdcee2391 -> 
  custom:audio-encoder-webm-vorbis: bf7c407c2cedff20999df2af8eb42d56 -> 
  custom:container-demuxer-ogg: 62fdf1f143b41e24485cea50d1cbac27 -> 
  custom:video-decoder-webm-vp8: 9c59270c3fd7afecdb556c50c9e8de78 -> 
  custom:audio-decoder-ogg-vorbis: bf7c407c2cedff20999df2af8eb42d56 -> 
